This file contains any messages produced by compilers while
running configure, to aid debugging if configure makes a mistake.

It was created by configure, which was
generated by GNU Autoconf 2.59.  Invocation command line was

  $ ./configure CC=mips-linux-gcc --host=x86-linux

## --------- ##
## Platform. ##
## --------- ##

hostname = voip-release
uname -m = i686
uname -r = 2.4.20-8
uname -s = Linux
uname -v = #1 Thu Mar 13 17:18:24 EST 2003

/usr/bin/uname -p = unknown
/bin/uname -X     = unknown

/bin/arch              = i686
/usr/bin/arch -k       = unknown
/usr/convex/getsysinfo = unknown
hostinfo               = unknown
/bin/machine           = unknown
/usr/bin/oslevel       = unknown
/bin/universe          = unknown

PATH: /uclibc/toolchain_mips/bin
PATH: /usr/kerberos/bin
PATH: /usr/local/bin
PATH: /bin
PATH: /usr/bin
PATH: /usr/X11R6/bin
PATH: /home/kenny/bin


## ----------- ##
## Core tests. ##
## ----------- ##

configure:1311: checking for x86-linux-ranlib
configure:1340: result: no
configure:1349: checking for ranlib
configure:1365: found /usr/bin/ranlib
configure:1376: result: ranlib
configure:1396: checking for x86-linux-gcc
configure:1422: result: mips-linux-gcc
configure:1704: checking for C compiler version
configure:1707: mips-linux-gcc --version </dev/null >&5
mips-linux-gcc (RSDK) 3.2.2	20050718
Copyright (C) 2002 Free Software Foundation, Inc.
This is free software; see the source for copying conditions.  There is NO
warranty; not even for MERCHANTABILITY or FITNESS FOR A PARTICULAR PURPOSE.

configure:1710: $? = 0
configure:1712: mips-linux-gcc -v </dev/null >&5
Reading specs from /uclibc/toolchain_mips/lib/gcc-lib/mips-linux/3.2/specs
Configured with: /uclibc/build_mips/gcc-3.2/configure --target=mips-linux --host=i386-pc-linux-gnu --build=i386-pc-linux-gnu --prefix=/uclibc/toolchain_mips --exec-prefix=/uclibc/toolchain_mips --bindir=/uclibc/toolchain_mips/bin --sbindir=/uclibc/toolchain_mips/sbin --sysconfdir=/uclibc/toolchain_mips/etc --datadir=/uclibc/toolchain_mips/share --localstatedir=/uclibc/toolchain_mips/var --mandir=/uclibc/toolchain_mips/man --infodir=/uclibc/toolchain_mips/info --with-local-prefix=/uclibc/toolchain_mips/usr/local --libdir=/uclibc/toolchain_mips/lib --includedir=/uclibc/toolchain_mips/include --with-gxx-include-dir=/uclibc/toolchain_mips/include/c++ --oldincludedir=/uclibc/toolchain_mips/include --enable-shared --enable-target-optspace --disable-nls --with-gnu-ld --disable-__cxa_atexit --enable-languages=c,c++ --program-prefix=mips-uclibc-
Thread model: posix
gcc version 3.2
configure:1715: $? = 0
configure:1717: mips-linux-gcc -V </dev/null >&5
mips-linux-gcc: argument to `-V' is missing
configure:1720: $? = 1
configure:1743: checking for C compiler default output file name
configure:1746: mips-linux-gcc -Wall -O4 -fexpensive-optimizations -funroll-loops   conftest.c  >&5
configure:1749: $? = 0
configure:1795: result: a.out
configure:1800: checking whether the C compiler works
configure:1806: ./a.out
./configure: line 1: ./a.out: cannot execute binary file
configure:1809: $? = 126
configure:1826: result: yes
configure:1833: checking whether we are cross compiling
configure:1835: result: yes
configure:1838: checking for suffix of executables
configure:1840: mips-linux-gcc -o conftest -Wall -O4 -fexpensive-optimizations -funroll-loops   conftest.c  >&5
configure:1843: $? = 0
configure:1868: result: 
configure:1874: checking for suffix of object files
configure:1895: mips-linux-gcc -c -Wall -O4 -fexpensive-optimizations -funroll-loops  conftest.c >&5
configure:1898: $? = 0
configure:1920: result: o
configure:1924: checking whether we are using the GNU C compiler
configure:1948: mips-linux-gcc -c -Wall -O4 -fexpensive-optimizations -funroll-loops  conftest.c >&5
configure:1954: $? = 0
configure:1958: test -z 
			 || test ! -s conftest.err
configure:1961: $? = 0
configure:1964: test -s conftest.o
configure:1967: $? = 0
configure:1980: result: yes
configure:1986: checking whether mips-linux-gcc accepts -g
configure:2007: mips-linux-gcc -c -g  conftest.c >&5
configure:2013: $? = 0
configure:2017: test -z 
			 || test ! -s conftest.err
configure:2020: $? = 0
configure:2023: test -s conftest.o
configure:2026: $? = 0
configure:2037: result: yes
configure:2054: checking for mips-linux-gcc option to accept ANSI C
configure:2124: mips-linux-gcc  -c -Wall -O4 -fexpensive-optimizations -funroll-loops  conftest.c >&5
configure:2130: $? = 0
configure:2134: test -z 
			 || test ! -s conftest.err
configure:2137: $? = 0
configure:2140: test -s conftest.o
configure:2143: $? = 0
configure:2161: result: none needed
configure:2179: mips-linux-gcc -c -Wall -O4 -fexpensive-optimizations -funroll-loops  conftest.c >&5
conftest.c:2: syntax error before "me"
configure:2185: $? = 1
configure: failed program was:
| #ifndef __cplusplus
|   choke me
| #endif
configure:2356: checking for a BSD-compatible install
configure:2411: result: /usr/bin/install -c
configure:2436: checking whether to build for Linux kernel context
configure:2450: result: no
configure:2499: checking which random device to use
configure:2516: result: standard rand() function...
configure:2529: checking how to run the C preprocessor
configure:2564: mips-linux-gcc -E  conftest.c
configure:2570: $? = 0
configure:2602: mips-linux-gcc -E  conftest.c
conftest.c:9:28: ac_nonexistent.h: No such file or directory
configure:2608: $? = 1
configure: failed program was:
| /* confdefs.h.  */
| 
| #define PACKAGE_NAME ""
| #define PACKAGE_TARNAME ""
| #define PACKAGE_VERSION ""
| #define PACKAGE_STRING ""
| #define PACKAGE_BUGREPORT ""
| /* end confdefs.h.  */
| #include <ac_nonexistent.h>
configure:2647: result: mips-linux-gcc -E
configure:2671: mips-linux-gcc -E  conftest.c
configure:2677: $? = 0
configure:2709: mips-linux-gcc -E  conftest.c
conftest.c:9:28: ac_nonexistent.h: No such file or directory
configure:2715: $? = 1
configure: failed program was:
| /* confdefs.h.  */
| 
| #define PACKAGE_NAME ""
| #define PACKAGE_TARNAME ""
| #define PACKAGE_VERSION ""
| #define PACKAGE_STRING ""
| #define PACKAGE_BUGREPORT ""
| /* end confdefs.h.  */
| #include <ac_nonexistent.h>
configure:2759: checking for egrep
configure:2769: result: grep -E
configure:2774: checking for ANSI C header files
configure:2799: mips-linux-gcc -c -Wall -O4 -fexpensive-optimizations -funroll-loops  conftest.c >&5
configure:2805: $? = 0
configure:2809: test -z 
			 || test ! -s conftest.err
configure:2812: $? = 0
configure:2815: test -s conftest.o
configure:2818: $? = 0
configure:2927: result: yes
configure:2951: checking for sys/types.h
configure:2967: mips-linux-gcc -c -Wall -O4 -fexpensive-optimizations -funroll-loops  conftest.c >&5
configure:2973: $? = 0
configure:2977: test -z 
			 || test ! -s conftest.err
configure:2980: $? = 0
configure:2983: test -s conftest.o
configure:2986: $? = 0
configure:2997: result: yes
configure:2951: checking for sys/stat.h
configure:2967: mips-linux-gcc -c -Wall -O4 -fexpensive-optimizations -funroll-loops  conftest.c >&5
configure:2973: $? = 0
configure:2977: test -z 
			 || test ! -s conftest.err
configure:2980: $? = 0
configure:2983: test -s conftest.o
configure:2986: $? = 0
configure:2997: result: yes
configure:2951: checking for stdlib.h
configure:2967: mips-linux-gcc -c -Wall -O4 -fexpensive-optimizations -funroll-loops  conftest.c >&5
configure:2973: $? = 0
configure:2977: test -z 
			 || test ! -s conftest.err
configure:2980: $? = 0
configure:2983: test -s conftest.o
configure:2986: $? = 0
configure:2997: result: yes
configure:2951: checking for string.h
configure:2967: mips-linux-gcc -c -Wall -O4 -fexpensive-optimizations -funroll-loops  conftest.c >&5
configure:2973: $? = 0
configure:2977: test -z 
			 || test ! -s conftest.err
configure:2980: $? = 0
configure:2983: test -s conftest.o
configure:2986: $? = 0
configure:2997: result: yes
configure:2951: checking for memory.h
configure:2967: mips-linux-gcc -c -Wall -O4 -fexpensive-optimizations -funroll-loops  conftest.c >&5
configure:2973: $? = 0
configure:2977: test -z 
			 || test ! -s conftest.err
configure:2980: $? = 0
configure:2983: test -s conftest.o
configure:2986: $? = 0
configure:2997: result: yes
configure:2951: checking for strings.h
configure:2967: mips-linux-gcc -c -Wall -O4 -fexpensive-optimizations -funroll-loops  conftest.c >&5
configure:2973: $? = 0
configure:2977: test -z 
			 || test ! -s conftest.err
configure:2980: $? = 0
configure:2983: test -s conftest.o
configure:2986: $? = 0
configure:2997: result: yes
configure:2951: checking for inttypes.h
configure:2967: mips-linux-gcc -c -Wall -O4 -fexpensive-optimizations -funroll-loops  conftest.c >&5
configure:2973: $? = 0
configure:2977: test -z 
			 || test ! -s conftest.err
configure:2980: $? = 0
configure:2983: test -s conftest.o
configure:2986: $? = 0
configure:2997: result: yes
configure:2951: checking for stdint.h
configure:2967: mips-linux-gcc -c -Wall -O4 -fexpensive-optimizations -funroll-loops  conftest.c >&5
configure:2973: $? = 0
configure:2977: test -z 
			 || test ! -s conftest.err
configure:2980: $? = 0
configure:2983: test -s conftest.o
configure:2986: $? = 0
configure:2997: result: yes
configure:2951: checking for unistd.h
configure:2967: mips-linux-gcc -c -Wall -O4 -fexpensive-optimizations -funroll-loops  conftest.c >&5
configure:2973: $? = 0
configure:2977: test -z 
			 || test ! -s conftest.err
configure:2980: $? = 0
configure:2983: test -s conftest.o
configure:2986: $? = 0
configure:2997: result: yes
configure:3014: checking for stdlib.h
configure:3019: result: yes
configure:3164: checking for unistd.h
configure:3169: result: yes
configure:3323: checking byteswap.h usability
configure:3335: mips-linux-gcc -c -Wall -O4 -fexpensive-optimizations -funroll-loops  conftest.c >&5
configure:3341: $? = 0
configure:3345: test -z 
			 || test ! -s conftest.err
configure:3348: $? = 0
configure:3351: test -s conftest.o
configure:3354: $? = 0
configure:3364: result: yes
configure:3368: checking byteswap.h presence
configure:3378: mips-linux-gcc -E  conftest.c
configure:3384: $? = 0
configure:3404: result: yes
configure:3439: checking for byteswap.h
configure:3446: result: yes
configure:3464: checking for stdint.h
configure:3469: result: yes
configure:3623: checking sys/uio.h usability
configure:3635: mips-linux-gcc -c -Wall -O4 -fexpensive-optimizations -funroll-loops  conftest.c >&5
configure:3641: $? = 0
configure:3645: test -z 
			 || test ! -s conftest.err
configure:3648: $? = 0
configure:3651: test -s conftest.o
configure:3654: $? = 0
configure:3664: result: yes
configure:3668: checking sys/uio.h presence
configure:3678: mips-linux-gcc -E  conftest.c
configure:3684: $? = 0
configure:3704: result: yes
configure:3739: checking for sys/uio.h
configure:3746: result: yes
configure:3764: checking for inttypes.h
configure:3769: result: yes
configure:3914: checking for sys/types.h
configure:3919: result: yes
configure:4073: checking machine/types.h usability
configure:4085: mips-linux-gcc -c -Wall -O4 -fexpensive-optimizations -funroll-loops  conftest.c >&5
conftest.c:60:27: machine/types.h: No such file or directory
configure:4091: $? = 1
configure: failed program was:
| /* confdefs.h.  */
| 
| #define PACKAGE_NAME ""
| #define PACKAGE_TARNAME ""
| #define PACKAGE_VERSION ""
| #define PACKAGE_STRING ""
| #define PACKAGE_BUGREPORT ""
| #define STDC_HEADERS 1
| #define HAVE_SYS_TYPES_H 1
| #define HAVE_SYS_STAT_H 1
| #define HAVE_STDLIB_H 1
| #define HAVE_STRING_H 1
| #define HAVE_MEMORY_H 1
| #define HAVE_STRINGS_H 1
| #define HAVE_INTTYPES_H 1
| #define HAVE_STDINT_H 1
| #define HAVE_UNISTD_H 1
| #define HAVE_STDLIB_H 1
| #define HAVE_UNISTD_H 1
| #define HAVE_BYTESWAP_H 1
| #define HAVE_STDINT_H 1
| #define HAVE_SYS_UIO_H 1
| #define HAVE_INTTYPES_H 1
| #define HAVE_SYS_TYPES_H 1
| /* end confdefs.h.  */
| #include <stdio.h>
| #if HAVE_SYS_TYPES_H
| # include <sys/types.h>
| #endif
| #if HAVE_SYS_STAT_H
| # include <sys/stat.h>
| #endif
| #if STDC_HEADERS
| # include <stdlib.h>
| # include <stddef.h>
| #else
| # if HAVE_STDLIB_H
| #  include <stdlib.h>
| # endif
| #endif
| #if HAVE_STRING_H
| # if !STDC_HEADERS && HAVE_MEMORY_H
| #  include <memory.h>
| # endif
| # include <string.h>
| #endif
| #if HAVE_STRINGS_H
| # include <strings.h>
| #endif
| #if HAVE_INTTYPES_H
| # include <inttypes.h>
| #else
| # if HAVE_STDINT_H
| #  include <stdint.h>
| # endif
| #endif
| #if HAVE_UNISTD_H
| # include <unistd.h>
| #endif
| #include <machine/types.h>
configure:4114: result: no
configure:4118: checking machine/types.h presence
configure:4128: mips-linux-gcc -E  conftest.c
conftest.c:26:27: machine/types.h: No such file or directory
configure:4134: $? = 1
configure: failed program was:
| /* confdefs.h.  */
| 
| #define PACKAGE_NAME ""
| #define PACKAGE_TARNAME ""
| #define PACKAGE_VERSION ""
| #define PACKAGE_STRING ""
| #define PACKAGE_BUGREPORT ""
| #define STDC_HEADERS 1
| #define HAVE_SYS_TYPES_H 1
| #define HAVE_SYS_STAT_H 1
| #define HAVE_STDLIB_H 1
| #define HAVE_STRING_H 1
| #define HAVE_MEMORY_H 1
| #define HAVE_STRINGS_H 1
| #define HAVE_INTTYPES_H 1
| #define HAVE_STDINT_H 1
| #define HAVE_UNISTD_H 1
| #define HAVE_STDLIB_H 1
| #define HAVE_UNISTD_H 1
| #define HAVE_BYTESWAP_H 1
| #define HAVE_STDINT_H 1
| #define HAVE_SYS_UIO_H 1
| #define HAVE_INTTYPES_H 1
| #define HAVE_SYS_TYPES_H 1
| /* end confdefs.h.  */
| #include <machine/types.h>
configure:4154: result: no
configure:4189: checking for machine/types.h
configure:4196: result: no
configure:4223: checking sys/int_types.h usability
configure:4235: mips-linux-gcc -c -Wall -O4 -fexpensive-optimizations -funroll-loops  conftest.c >&5
conftest.c:60:27: sys/int_types.h: No such file or directory
configure:4241: $? = 1
configure: failed program was:
| /* confdefs.h.  */
| 
| #define PACKAGE_NAME ""
| #define PACKAGE_TARNAME ""
| #define PACKAGE_VERSION ""
| #define PACKAGE_STRING ""
| #define PACKAGE_BUGREPORT ""
| #define STDC_HEADERS 1
| #define HAVE_SYS_TYPES_H 1
| #define HAVE_SYS_STAT_H 1
| #define HAVE_STDLIB_H 1
| #define HAVE_STRING_H 1
| #define HAVE_MEMORY_H 1
| #define HAVE_STRINGS_H 1
| #define HAVE_INTTYPES_H 1
| #define HAVE_STDINT_H 1
| #define HAVE_UNISTD_H 1
| #define HAVE_STDLIB_H 1
| #define HAVE_UNISTD_H 1
| #define HAVE_BYTESWAP_H 1
| #define HAVE_STDINT_H 1
| #define HAVE_SYS_UIO_H 1
| #define HAVE_INTTYPES_H 1
| #define HAVE_SYS_TYPES_H 1
| /* end confdefs.h.  */
| #include <stdio.h>
| #if HAVE_SYS_TYPES_H
| # include <sys/types.h>
| #endif
| #if HAVE_SYS_STAT_H
| # include <sys/stat.h>
| #endif
| #if STDC_HEADERS
| # include <stdlib.h>
| # include <stddef.h>
| #else
| # if HAVE_STDLIB_H
| #  include <stdlib.h>
| # endif
| #endif
| #if HAVE_STRING_H
| # if !STDC_HEADERS && HAVE_MEMORY_H
| #  include <memory.h>
| # endif
| # include <string.h>
| #endif
| #if HAVE_STRINGS_H
| # include <strings.h>
| #endif
| #if HAVE_INTTYPES_H
| # include <inttypes.h>
| #else
| # if HAVE_STDINT_H
| #  include <stdint.h>
| # endif
| #endif
| #if HAVE_UNISTD_H
| # include <unistd.h>
| #endif
| #include <sys/int_types.h>
configure:4264: result: no
configure:4268: checking sys/int_types.h presence
configure:4278: mips-linux-gcc -E  conftest.c
conftest.c:26:27: sys/int_types.h: No such file or directory
configure:4284: $? = 1
configure: failed program was:
| /* confdefs.h.  */
| 
| #define PACKAGE_NAME ""
| #define PACKAGE_TARNAME ""
| #define PACKAGE_VERSION ""
| #define PACKAGE_STRING ""
| #define PACKAGE_BUGREPORT ""
| #define STDC_HEADERS 1
| #define HAVE_SYS_TYPES_H 1
| #define HAVE_SYS_STAT_H 1
| #define HAVE_STDLIB_H 1
| #define HAVE_STRING_H 1
| #define HAVE_MEMORY_H 1
| #define HAVE_STRINGS_H 1
| #define HAVE_INTTYPES_H 1
| #define HAVE_STDINT_H 1
| #define HAVE_UNISTD_H 1
| #define HAVE_STDLIB_H 1
| #define HAVE_UNISTD_H 1
| #define HAVE_BYTESWAP_H 1
| #define HAVE_STDINT_H 1
| #define HAVE_SYS_UIO_H 1
| #define HAVE_INTTYPES_H 1
| #define HAVE_SYS_TYPES_H 1
| /* end confdefs.h.  */
| #include <sys/int_types.h>
configure:4304: result: no
configure:4339: checking for sys/int_types.h
configure:4346: result: no
configure:4376: checking sys/socket.h usability
configure:4388: mips-linux-gcc -c -Wall -O4 -fexpensive-optimizations -funroll-loops  conftest.c >&5
configure:4394: $? = 0
configure:4398: test -z 
			 || test ! -s conftest.err
configure:4401: $? = 0
configure:4404: test -s conftest.o
configure:4407: $? = 0
configure:4417: result: yes
configure:4421: checking sys/socket.h presence
configure:4431: mips-linux-gcc -E  conftest.c
configure:4437: $? = 0
configure:4457: result: yes
configure:4492: checking for sys/socket.h
configure:4499: result: yes
configure:4376: checking netinet/in.h usability
configure:4388: mips-linux-gcc -c -Wall -O4 -fexpensive-optimizations -funroll-loops  conftest.c >&5
configure:4394: $? = 0
configure:4398: test -z 
			 || test ! -s conftest.err
configure:4401: $? = 0
configure:4404: test -s conftest.o
configure:4407: $? = 0
configure:4417: result: yes
configure:4421: checking netinet/in.h presence
configure:4431: mips-linux-gcc -E  conftest.c
configure:4437: $? = 0
configure:4457: result: yes
configure:4492: checking for netinet/in.h
configure:4499: result: yes
configure:4376: checking arpa/inet.h usability
configure:4388: mips-linux-gcc -c -Wall -O4 -fexpensive-optimizations -funroll-loops  conftest.c >&5
configure:4394: $? = 0
configure:4398: test -z 
			 || test ! -s conftest.err
configure:4401: $? = 0
configure:4404: test -s conftest.o
configure:4407: $? = 0
configure:4417: result: yes
configure:4421: checking arpa/inet.h presence
configure:4431: mips-linux-gcc -E  conftest.c
configure:4437: $? = 0
configure:4457: result: yes
configure:4492: checking for arpa/inet.h
configure:4499: result: yes
configure:4526: checking windows.h usability
configure:4538: mips-linux-gcc -c -Wall -O4 -fexpensive-optimizations -funroll-loops  conftest.c >&5
conftest.c:63:21: windows.h: No such file or directory
configure:4544: $? = 1
configure: failed program was:
| /* confdefs.h.  */
| 
| #define PACKAGE_NAME ""
| #define PACKAGE_TARNAME ""
| #define PACKAGE_VERSION ""
| #define PACKAGE_STRING ""
| #define PACKAGE_BUGREPORT ""
| #define STDC_HEADERS 1
| #define HAVE_SYS_TYPES_H 1
| #define HAVE_SYS_STAT_H 1
| #define HAVE_STDLIB_H 1
| #define HAVE_STRING_H 1
| #define HAVE_MEMORY_H 1
| #define HAVE_STRINGS_H 1
| #define HAVE_INTTYPES_H 1
| #define HAVE_STDINT_H 1
| #define HAVE_UNISTD_H 1
| #define HAVE_STDLIB_H 1
| #define HAVE_UNISTD_H 1
| #define HAVE_BYTESWAP_H 1
| #define HAVE_STDINT_H 1
| #define HAVE_SYS_UIO_H 1
| #define HAVE_INTTYPES_H 1
| #define HAVE_SYS_TYPES_H 1
| #define HAVE_SYS_SOCKET_H 1
| #define HAVE_NETINET_IN_H 1
| #define HAVE_ARPA_INET_H 1
| /* end confdefs.h.  */
| #include <stdio.h>
| #if HAVE_SYS_TYPES_H
| # include <sys/types.h>
| #endif
| #if HAVE_SYS_STAT_H
| # include <sys/stat.h>
| #endif
| #if STDC_HEADERS
| # include <stdlib.h>
| # include <stddef.h>
| #else
| # if HAVE_STDLIB_H
| #  include <stdlib.h>
| # endif
| #endif
| #if HAVE_STRING_H
| # if !STDC_HEADERS && HAVE_MEMORY_H
| #  include <memory.h>
| # endif
| # include <string.h>
| #endif
| #if HAVE_STRINGS_H
| # include <strings.h>
| #endif
| #if HAVE_INTTYPES_H
| # include <inttypes.h>
| #else
| # if HAVE_STDINT_H
| #  include <stdint.h>
| # endif
| #endif
| #if HAVE_UNISTD_H
| # include <unistd.h>
| #endif
| #include <windows.h>
configure:4567: result: no
configure:4571: checking windows.h presence
configure:4581: mips-linux-gcc -E  conftest.c
conftest.c:29:21: windows.h: No such file or directory
configure:4587: $? = 1
configure: failed program was:
| /* confdefs.h.  */
| 
| #define PACKAGE_NAME ""
| #define PACKAGE_TARNAME ""
| #define PACKAGE_VERSION ""
| #define PACKAGE_STRING ""
| #define PACKAGE_BUGREPORT ""
| #define STDC_HEADERS 1
| #define HAVE_SYS_TYPES_H 1
| #define HAVE_SYS_STAT_H 1
| #define HAVE_STDLIB_H 1
| #define HAVE_STRING_H 1
| #define HAVE_MEMORY_H 1
| #define HAVE_STRINGS_H 1
| #define HAVE_INTTYPES_H 1
| #define HAVE_STDINT_H 1
| #define HAVE_UNISTD_H 1
| #define HAVE_STDLIB_H 1
| #define HAVE_UNISTD_H 1
| #define HAVE_BYTESWAP_H 1
| #define HAVE_STDINT_H 1
| #define HAVE_SYS_UIO_H 1
| #define HAVE_INTTYPES_H 1
| #define HAVE_SYS_TYPES_H 1
| #define HAVE_SYS_SOCKET_H 1
| #define HAVE_NETINET_IN_H 1
| #define HAVE_ARPA_INET_H 1
| /* end confdefs.h.  */
| #include <windows.h>
configure:4607: result: no
configure:4642: checking for windows.h
configure:4649: result: no
configure:4826: checking syslog.h usability
configure:4838: mips-linux-gcc -c -Wall -O4 -fexpensive-optimizations -funroll-loops  conftest.c >&5
configure:4844: $? = 0
configure:4848: test -z 
			 || test ! -s conftest.err
configure:4851: $? = 0
configure:4854: test -s conftest.o
configure:4857: $? = 0
configure:4867: result: yes
configure:4871: checking syslog.h presence
configure:4881: mips-linux-gcc -E  conftest.c
configure:4887: $? = 0
configure:4907: result: yes
configure:4942: checking for syslog.h
configure:4949: result: yes
configure:4963: checking for int8_t
configure:4987: mips-linux-gcc -c -Wall -O4 -fexpensive-optimizations -funroll-loops  conftest.c >&5
configure:4993: $? = 0
configure:4997: test -z 
			 || test ! -s conftest.err
configure:5000: $? = 0
configure:5003: test -s conftest.o
configure:5006: $? = 0
configure:5017: result: yes
configure:5027: checking for uint8_t
configure:5051: mips-linux-gcc -c -Wall -O4 -fexpensive-optimizations -funroll-loops  conftest.c >&5
configure:5057: $? = 0
configure:5061: test -z 
			 || test ! -s conftest.err
configure:5064: $? = 0
configure:5067: test -s conftest.o
configure:5070: $? = 0
configure:5081: result: yes
configure:5091: checking for int16_t
configure:5115: mips-linux-gcc -c -Wall -O4 -fexpensive-optimizations -funroll-loops  conftest.c >&5
configure:5121: $? = 0
configure:5125: test -z 
			 || test ! -s conftest.err
configure:5128: $? = 0
configure:5131: test -s conftest.o
configure:5134: $? = 0
configure:5145: result: yes
configure:5155: checking for uint16_t
configure:5179: mips-linux-gcc -c -Wall -O4 -fexpensive-optimizations -funroll-loops  conftest.c >&5
configure:5185: $? = 0
configure:5189: test -z 
			 || test ! -s conftest.err
configure:5192: $? = 0
configure:5195: test -s conftest.o
configure:5198: $? = 0
configure:5209: result: yes
configure:5219: checking for int32_t
configure:5243: mips-linux-gcc -c -Wall -O4 -fexpensive-optimizations -funroll-loops  conftest.c >&5
configure:5249: $? = 0
configure:5253: test -z 
			 || test ! -s conftest.err
configure:5256: $? = 0
configure:5259: test -s conftest.o
configure:5262: $? = 0
configure:5273: result: yes
configure:5283: checking for uint32_t
configure:5307: mips-linux-gcc -c -Wall -O4 -fexpensive-optimizations -funroll-loops  conftest.c >&5
configure:5313: $? = 0
configure:5317: test -z 
			 || test ! -s conftest.err
configure:5320: $? = 0
configure:5323: test -s conftest.o
configure:5326: $? = 0
configure:5337: result: yes
configure:5347: checking for uint64_t
configure:5371: mips-linux-gcc -c -Wall -O4 -fexpensive-optimizations -funroll-loops  conftest.c >&5
configure:5377: $? = 0
configure:5381: test -z 
			 || test ! -s conftest.err
configure:5384: $? = 0
configure:5387: test -s conftest.o
configure:5390: $? = 0
configure:5401: result: yes
configure:5412: checking for unsigned long
configure:5436: mips-linux-gcc -c -Wall -O4 -fexpensive-optimizations -funroll-loops  conftest.c >&5
configure:5442: $? = 0
configure:5446: test -z 
			 || test ! -s conftest.err
configure:5449: $? = 0
configure:5452: test -s conftest.o
configure:5455: $? = 0
configure:5466: result: yes
configure:5469: checking size of unsigned long
configure:5499: mips-linux-gcc -c -Wall -O4 -fexpensive-optimizations -funroll-loops  conftest.c >&5
configure:5505: $? = 0
configure:5509: test -z 
			 || test ! -s conftest.err
configure:5512: $? = 0
configure:5515: test -s conftest.o
configure:5518: $? = 0
configure:5540: mips-linux-gcc -c -Wall -O4 -fexpensive-optimizations -funroll-loops  conftest.c >&5
conftest.c: In function `main':
conftest.c:74: size of array `test_array' is negative
configure:5546: $? = 1
configure: failed program was:
| /* confdefs.h.  */
| 
| #define PACKAGE_NAME ""
| #define PACKAGE_TARNAME ""
| #define PACKAGE_VERSION ""
| #define PACKAGE_STRING ""
| #define PACKAGE_BUGREPORT ""
| #define STDC_HEADERS 1
| #define HAVE_SYS_TYPES_H 1
| #define HAVE_SYS_STAT_H 1
| #define HAVE_STDLIB_H 1
| #define HAVE_STRING_H 1
| #define HAVE_MEMORY_H 1
| #define HAVE_STRINGS_H 1
| #define HAVE_INTTYPES_H 1
| #define HAVE_STDINT_H 1
| #define HAVE_UNISTD_H 1
| #define HAVE_STDLIB_H 1
| #define HAVE_UNISTD_H 1
| #define HAVE_BYTESWAP_H 1
| #define HAVE_STDINT_H 1
| #define HAVE_SYS_UIO_H 1
| #define HAVE_INTTYPES_H 1
| #define HAVE_SYS_TYPES_H 1
| #define HAVE_SYS_SOCKET_H 1
| #define HAVE_NETINET_IN_H 1
| #define HAVE_ARPA_INET_H 1
| #define HAVE_SYSLOG_H 1
| #define HAVE_INT8_T 1
| #define HAVE_UINT8_T 1
| #define HAVE_INT16_T 1
| #define HAVE_UINT16_T 1
| #define HAVE_INT32_T 1
| #define HAVE_UINT32_T 1
| #define HAVE_UINT64_T 1
| /* end confdefs.h.  */
| #include <stdio.h>
| #if HAVE_SYS_TYPES_H
| # include <sys/types.h>
| #endif
| #if HAVE_SYS_STAT_H
| # include <sys/stat.h>
| #endif
| #if STDC_HEADERS
| # include <stdlib.h>
| # include <stddef.h>
| #else
| # if HAVE_STDLIB_H
| #  include <stdlib.h>
| # endif
| #endif
| #if HAVE_STRING_H
| # if !STDC_HEADERS && HAVE_MEMORY_H
| #  include <memory.h>
| # endif
| # include <string.h>
| #endif
| #if HAVE_STRINGS_H
| # include <strings.h>
| #endif
| #if HAVE_INTTYPES_H
| # include <inttypes.h>
| #else
| # if HAVE_STDINT_H
| #  include <stdint.h>
| # endif
| #endif
| #if HAVE_UNISTD_H
| # include <unistd.h>
| #endif
| int
| main ()
| {
| static int test_array [1 - 2 * !(((long) (sizeof (unsigned long))) <= 0)];
| test_array [0] = 0
| 
|   ;
|   return 0;
| }
configure:5540: mips-linux-gcc -c -Wall -O4 -fexpensive-optimizations -funroll-loops  conftest.c >&5
conftest.c: In function `main':
conftest.c:74: size of array `test_array' is negative
configure:5546: $? = 1
configure: failed program was:
| /* confdefs.h.  */
| 
| #define PACKAGE_NAME ""
| #define PACKAGE_TARNAME ""
| #define PACKAGE_VERSION ""
| #define PACKAGE_STRING ""
| #define PACKAGE_BUGREPORT ""
| #define STDC_HEADERS 1
| #define HAVE_SYS_TYPES_H 1
| #define HAVE_SYS_STAT_H 1
| #define HAVE_STDLIB_H 1
| #define HAVE_STRING_H 1
| #define HAVE_MEMORY_H 1
| #define HAVE_STRINGS_H 1
| #define HAVE_INTTYPES_H 1
| #define HAVE_STDINT_H 1
| #define HAVE_UNISTD_H 1
| #define HAVE_STDLIB_H 1
| #define HAVE_UNISTD_H 1
| #define HAVE_BYTESWAP_H 1
| #define HAVE_STDINT_H 1
| #define HAVE_SYS_UIO_H 1
| #define HAVE_INTTYPES_H 1
| #define HAVE_SYS_TYPES_H 1
| #define HAVE_SYS_SOCKET_H 1
| #define HAVE_NETINET_IN_H 1
| #define HAVE_ARPA_INET_H 1
| #define HAVE_SYSLOG_H 1
| #define HAVE_INT8_T 1
| #define HAVE_UINT8_T 1
| #define HAVE_INT16_T 1
| #define HAVE_UINT16_T 1
| #define HAVE_INT32_T 1
| #define HAVE_UINT32_T 1
| #define HAVE_UINT64_T 1
| /* end confdefs.h.  */
| #include <stdio.h>
| #if HAVE_SYS_TYPES_H
| # include <sys/types.h>
| #endif
| #if HAVE_SYS_STAT_H
| # include <sys/stat.h>
| #endif
| #if STDC_HEADERS
| # include <stdlib.h>
| # include <stddef.h>
| #else
| # if HAVE_STDLIB_H
| #  include <stdlib.h>
| # endif
| #endif
| #if HAVE_STRING_H
| # if !STDC_HEADERS && HAVE_MEMORY_H
| #  include <memory.h>
| # endif
| # include <string.h>
| #endif
| #if HAVE_STRINGS_H
| # include <strings.h>
| #endif
| #if HAVE_INTTYPES_H
| # include <inttypes.h>
| #else
| # if HAVE_STDINT_H
| #  include <stdint.h>
| # endif
| #endif
| #if HAVE_UNISTD_H
| # include <unistd.h>
| #endif
| int
| main ()
| {
| static int test_array [1 - 2 * !(((long) (sizeof (unsigned long))) <= 1)];
| test_array [0] = 0
| 
|   ;
|   return 0;
| }
configure:5540: mips-linux-gcc -c -Wall -O4 -fexpensive-optimizations -funroll-loops  conftest.c >&5
conftest.c: In function `main':
conftest.c:74: size of array `test_array' is negative
configure:5546: $? = 1
configure: failed program was:
| /* confdefs.h.  */
| 
| #define PACKAGE_NAME ""
| #define PACKAGE_TARNAME ""
| #define PACKAGE_VERSION ""
| #define PACKAGE_STRING ""
| #define PACKAGE_BUGREPORT ""
| #define STDC_HEADERS 1
| #define HAVE_SYS_TYPES_H 1
| #define HAVE_SYS_STAT_H 1
| #define HAVE_STDLIB_H 1
| #define HAVE_STRING_H 1
| #define HAVE_MEMORY_H 1
| #define HAVE_STRINGS_H 1
| #define HAVE_INTTYPES_H 1
| #define HAVE_STDINT_H 1
| #define HAVE_UNISTD_H 1
| #define HAVE_STDLIB_H 1
| #define HAVE_UNISTD_H 1
| #define HAVE_BYTESWAP_H 1
| #define HAVE_STDINT_H 1
| #define HAVE_SYS_UIO_H 1
| #define HAVE_INTTYPES_H 1
| #define HAVE_SYS_TYPES_H 1
| #define HAVE_SYS_SOCKET_H 1
| #define HAVE_NETINET_IN_H 1
| #define HAVE_ARPA_INET_H 1
| #define HAVE_SYSLOG_H 1
| #define HAVE_INT8_T 1
| #define HAVE_UINT8_T 1
| #define HAVE_INT16_T 1
| #define HAVE_UINT16_T 1
| #define HAVE_INT32_T 1
| #define HAVE_UINT32_T 1
| #define HAVE_UINT64_T 1
| /* end confdefs.h.  */
| #include <stdio.h>
| #if HAVE_SYS_TYPES_H
| # include <sys/types.h>
| #endif
| #if HAVE_SYS_STAT_H
| # include <sys/stat.h>
| #endif
| #if STDC_HEADERS
| # include <stdlib.h>
| # include <stddef.h>
| #else
| # if HAVE_STDLIB_H
| #  include <stdlib.h>
| # endif
| #endif
| #if HAVE_STRING_H
| # if !STDC_HEADERS && HAVE_MEMORY_H
| #  include <memory.h>
| # endif
| # include <string.h>
| #endif
| #if HAVE_STRINGS_H
| # include <strings.h>
| #endif
| #if HAVE_INTTYPES_H
| # include <inttypes.h>
| #else
| # if HAVE_STDINT_H
| #  include <stdint.h>
| # endif
| #endif
| #if HAVE_UNISTD_H
| # include <unistd.h>
| #endif
| int
| main ()
| {
| static int test_array [1 - 2 * !(((long) (sizeof (unsigned long))) <= 3)];
| test_array [0] = 0
| 
|   ;
|   return 0;
| }
configure:5540: mips-linux-gcc -c -Wall -O4 -fexpensive-optimizations -funroll-loops  conftest.c >&5
configure:5546: $? = 0
configure:5550: test -z 
			 || test ! -s conftest.err
configure:5553: $? = 0
configure:5556: test -s conftest.o
configure:5559: $? = 0
configure:5703: mips-linux-gcc -c -Wall -O4 -fexpensive-optimizations -funroll-loops  conftest.c >&5
configure:5709: $? = 0
configure:5713: test -z 
			 || test ! -s conftest.err
configure:5716: $? = 0
configure:5719: test -s conftest.o
configure:5722: $? = 0
configure:5703: mips-linux-gcc -c -Wall -O4 -fexpensive-optimizations -funroll-loops  conftest.c >&5
configure:5709: $? = 0
configure:5713: test -z 
			 || test ! -s conftest.err
configure:5716: $? = 0
configure:5719: test -s conftest.o
configure:5722: $? = 0
configure:5819: result: 4
configure:5826: checking for unsigned long long
configure:5850: mips-linux-gcc -c -Wall -O4 -fexpensive-optimizations -funroll-loops  conftest.c >&5
configure:5856: $? = 0
configure:5860: test -z 
			 || test ! -s conftest.err
configure:5863: $? = 0
configure:5866: test -s conftest.o
configure:5869: $? = 0
configure:5880: result: yes
configure:5883: checking size of unsigned long long
configure:5913: mips-linux-gcc -c -Wall -O4 -fexpensive-optimizations -funroll-loops  conftest.c >&5
configure:5919: $? = 0
configure:5923: test -z 
			 || test ! -s conftest.err
configure:5926: $? = 0
configure:5929: test -s conftest.o
configure:5932: $? = 0
configure:5954: mips-linux-gcc -c -Wall -O4 -fexpensive-optimizations -funroll-loops  conftest.c >&5
conftest.c: In function `main':
conftest.c:75: size of array `test_array' is negative
configure:5960: $? = 1
configure: failed program was:
| /* confdefs.h.  */
| 
| #define PACKAGE_NAME ""
| #define PACKAGE_TARNAME ""
| #define PACKAGE_VERSION ""
| #define PACKAGE_STRING ""
| #define PACKAGE_BUGREPORT ""
| #define STDC_HEADERS 1
| #define HAVE_SYS_TYPES_H 1
| #define HAVE_SYS_STAT_H 1
| #define HAVE_STDLIB_H 1
| #define HAVE_STRING_H 1
| #define HAVE_MEMORY_H 1
| #define HAVE_STRINGS_H 1
| #define HAVE_INTTYPES_H 1
| #define HAVE_STDINT_H 1
| #define HAVE_UNISTD_H 1
| #define HAVE_STDLIB_H 1
| #define HAVE_UNISTD_H 1
| #define HAVE_BYTESWAP_H 1
| #define HAVE_STDINT_H 1
| #define HAVE_SYS_UIO_H 1
| #define HAVE_INTTYPES_H 1
| #define HAVE_SYS_TYPES_H 1
| #define HAVE_SYS_SOCKET_H 1
| #define HAVE_NETINET_IN_H 1
| #define HAVE_ARPA_INET_H 1
| #define HAVE_SYSLOG_H 1
| #define HAVE_INT8_T 1
| #define HAVE_UINT8_T 1
| #define HAVE_INT16_T 1
| #define HAVE_UINT16_T 1
| #define HAVE_INT32_T 1
| #define HAVE_UINT32_T 1
| #define HAVE_UINT64_T 1
| #define SIZEOF_UNSIGNED_LONG 4
| /* end confdefs.h.  */
| #include <stdio.h>
| #if HAVE_SYS_TYPES_H
| # include <sys/types.h>
| #endif
| #if HAVE_SYS_STAT_H
| # include <sys/stat.h>
| #endif
| #if STDC_HEADERS
| # include <stdlib.h>
| # include <stddef.h>
| #else
| # if HAVE_STDLIB_H
| #  include <stdlib.h>
| # endif
| #endif
| #if HAVE_STRING_H
| # if !STDC_HEADERS && HAVE_MEMORY_H
| #  include <memory.h>
| # endif
| # include <string.h>
| #endif
| #if HAVE_STRINGS_H
| # include <strings.h>
| #endif
| #if HAVE_INTTYPES_H
| # include <inttypes.h>
| #else
| # if HAVE_STDINT_H
| #  include <stdint.h>
| # endif
| #endif
| #if HAVE_UNISTD_H
| # include <unistd.h>
| #endif
| int
| main ()
| {
| static int test_array [1 - 2 * !(((long) (sizeof (unsigned long long))) <= 0)];
| test_array [0] = 0
| 
|   ;
|   return 0;
| }
configure:5954: mips-linux-gcc -c -Wall -O4 -fexpensive-optimizations -funroll-loops  conftest.c >&5
conftest.c: In function `main':
conftest.c:75: size of array `test_array' is negative
configure:5960: $? = 1
configure: failed program was:
| /* confdefs.h.  */
| 
| #define PACKAGE_NAME ""
| #define PACKAGE_TARNAME ""
| #define PACKAGE_VERSION ""
| #define PACKAGE_STRING ""
| #define PACKAGE_BUGREPORT ""
| #define STDC_HEADERS 1
| #define HAVE_SYS_TYPES_H 1
| #define HAVE_SYS_STAT_H 1
| #define HAVE_STDLIB_H 1
| #define HAVE_STRING_H 1
| #define HAVE_MEMORY_H 1
| #define HAVE_STRINGS_H 1
| #define HAVE_INTTYPES_H 1
| #define HAVE_STDINT_H 1
| #define HAVE_UNISTD_H 1
| #define HAVE_STDLIB_H 1
| #define HAVE_UNISTD_H 1
| #define HAVE_BYTESWAP_H 1
| #define HAVE_STDINT_H 1
| #define HAVE_SYS_UIO_H 1
| #define HAVE_INTTYPES_H 1
| #define HAVE_SYS_TYPES_H 1
| #define HAVE_SYS_SOCKET_H 1
| #define HAVE_NETINET_IN_H 1
| #define HAVE_ARPA_INET_H 1
| #define HAVE_SYSLOG_H 1
| #define HAVE_INT8_T 1
| #define HAVE_UINT8_T 1
| #define HAVE_INT16_T 1
| #define HAVE_UINT16_T 1
| #define HAVE_INT32_T 1
| #define HAVE_UINT32_T 1
| #define HAVE_UINT64_T 1
| #define SIZEOF_UNSIGNED_LONG 4
| /* end confdefs.h.  */
| #include <stdio.h>
| #if HAVE_SYS_TYPES_H
| # include <sys/types.h>
| #endif
| #if HAVE_SYS_STAT_H
| # include <sys/stat.h>
| #endif
| #if STDC_HEADERS
| # include <stdlib.h>
| # include <stddef.h>
| #else
| # if HAVE_STDLIB_H
| #  include <stdlib.h>
| # endif
| #endif
| #if HAVE_STRING_H
| # if !STDC_HEADERS && HAVE_MEMORY_H
| #  include <memory.h>
| # endif
| # include <string.h>
| #endif
| #if HAVE_STRINGS_H
| # include <strings.h>
| #endif
| #if HAVE_INTTYPES_H
| # include <inttypes.h>
| #else
| # if HAVE_STDINT_H
| #  include <stdint.h>
| # endif
| #endif
| #if HAVE_UNISTD_H
| # include <unistd.h>
| #endif
| int
| main ()
| {
| static int test_array [1 - 2 * !(((long) (sizeof (unsigned long long))) <= 1)];
| test_array [0] = 0
| 
|   ;
|   return 0;
| }
configure:5954: mips-linux-gcc -c -Wall -O4 -fexpensive-optimizations -funroll-loops  conftest.c >&5
conftest.c: In function `main':
conftest.c:75: size of array `test_array' is negative
configure:5960: $? = 1
configure: failed program was:
| /* confdefs.h.  */
| 
| #define PACKAGE_NAME ""
| #define PACKAGE_TARNAME ""
| #define PACKAGE_VERSION ""
| #define PACKAGE_STRING ""
| #define PACKAGE_BUGREPORT ""
| #define STDC_HEADERS 1
| #define HAVE_SYS_TYPES_H 1
| #define HAVE_SYS_STAT_H 1
| #define HAVE_STDLIB_H 1
| #define HAVE_STRING_H 1
| #define HAVE_MEMORY_H 1
| #define HAVE_STRINGS_H 1
| #define HAVE_INTTYPES_H 1
| #define HAVE_STDINT_H 1
| #define HAVE_UNISTD_H 1
| #define HAVE_STDLIB_H 1
| #define HAVE_UNISTD_H 1
| #define HAVE_BYTESWAP_H 1
| #define HAVE_STDINT_H 1
| #define HAVE_SYS_UIO_H 1
| #define HAVE_INTTYPES_H 1
| #define HAVE_SYS_TYPES_H 1
| #define HAVE_SYS_SOCKET_H 1
| #define HAVE_NETINET_IN_H 1
| #define HAVE_ARPA_INET_H 1
| #define HAVE_SYSLOG_H 1
| #define HAVE_INT8_T 1
| #define HAVE_UINT8_T 1
| #define HAVE_INT16_T 1
| #define HAVE_UINT16_T 1
| #define HAVE_INT32_T 1
| #define HAVE_UINT32_T 1
| #define HAVE_UINT64_T 1
| #define SIZEOF_UNSIGNED_LONG 4
| /* end confdefs.h.  */
| #include <stdio.h>
| #if HAVE_SYS_TYPES_H
| # include <sys/types.h>
| #endif
| #if HAVE_SYS_STAT_H
| # include <sys/stat.h>
| #endif
| #if STDC_HEADERS
| # include <stdlib.h>
| # include <stddef.h>
| #else
| # if HAVE_STDLIB_H
| #  include <stdlib.h>
| # endif
| #endif
| #if HAVE_STRING_H
| # if !STDC_HEADERS && HAVE_MEMORY_H
| #  include <memory.h>
| # endif
| # include <string.h>
| #endif
| #if HAVE_STRINGS_H
| # include <strings.h>
| #endif
| #if HAVE_INTTYPES_H
| # include <inttypes.h>
| #else
| # if HAVE_STDINT_H
| #  include <stdint.h>
| # endif
| #endif
| #if HAVE_UNISTD_H
| # include <unistd.h>
| #endif
| int
| main ()
| {
| static int test_array [1 - 2 * !(((long) (sizeof (unsigned long long))) <= 3)];
| test_array [0] = 0
| 
|   ;
|   return 0;
| }
configure:5954: mips-linux-gcc -c -Wall -O4 -fexpensive-optimizations -funroll-loops  conftest.c >&5
conftest.c: In function `main':
conftest.c:75: size of array `test_array' is negative
configure:5960: $? = 1
configure: failed program was:
| /* confdefs.h.  */
| 
| #define PACKAGE_NAME ""
| #define PACKAGE_TARNAME ""
| #define PACKAGE_VERSION ""
| #define PACKAGE_STRING ""
| #define PACKAGE_BUGREPORT ""
| #define STDC_HEADERS 1
| #define HAVE_SYS_TYPES_H 1
| #define HAVE_SYS_STAT_H 1
| #define HAVE_STDLIB_H 1
| #define HAVE_STRING_H 1
| #define HAVE_MEMORY_H 1
| #define HAVE_STRINGS_H 1
| #define HAVE_INTTYPES_H 1
| #define HAVE_STDINT_H 1
| #define HAVE_UNISTD_H 1
| #define HAVE_STDLIB_H 1
| #define HAVE_UNISTD_H 1
| #define HAVE_BYTESWAP_H 1
| #define HAVE_STDINT_H 1
| #define HAVE_SYS_UIO_H 1
| #define HAVE_INTTYPES_H 1
| #define HAVE_SYS_TYPES_H 1
| #define HAVE_SYS_SOCKET_H 1
| #define HAVE_NETINET_IN_H 1
| #define HAVE_ARPA_INET_H 1
| #define HAVE_SYSLOG_H 1
| #define HAVE_INT8_T 1
| #define HAVE_UINT8_T 1
| #define HAVE_INT16_T 1
| #define HAVE_UINT16_T 1
| #define HAVE_INT32_T 1
| #define HAVE_UINT32_T 1
| #define HAVE_UINT64_T 1
| #define SIZEOF_UNSIGNED_LONG 4
| /* end confdefs.h.  */
| #include <stdio.h>
| #if HAVE_SYS_TYPES_H
| # include <sys/types.h>
| #endif
| #if HAVE_SYS_STAT_H
| # include <sys/stat.h>
| #endif
| #if STDC_HEADERS
| # include <stdlib.h>
| # include <stddef.h>
| #else
| # if HAVE_STDLIB_H
| #  include <stdlib.h>
| # endif
| #endif
| #if HAVE_STRING_H
| # if !STDC_HEADERS && HAVE_MEMORY_H
| #  include <memory.h>
| # endif
| # include <string.h>
| #endif
| #if HAVE_STRINGS_H
| # include <strings.h>
| #endif
| #if HAVE_INTTYPES_H
| # include <inttypes.h>
| #else
| # if HAVE_STDINT_H
| #  include <stdint.h>
| # endif
| #endif
| #if HAVE_UNISTD_H
| # include <unistd.h>
| #endif
| int
| main ()
| {
| static int test_array [1 - 2 * !(((long) (sizeof (unsigned long long))) <= 7)];
| test_array [0] = 0
| 
|   ;
|   return 0;
| }
configure:5954: mips-linux-gcc -c -Wall -O4 -fexpensive-optimizations -funroll-loops  conftest.c >&5
configure:5960: $? = 0
configure:5964: test -z 
			 || test ! -s conftest.err
configure:5967: $? = 0
configure:5970: test -s conftest.o
configure:5973: $? = 0
configure:6117: mips-linux-gcc -c -Wall -O4 -fexpensive-optimizations -funroll-loops  conftest.c >&5
configure:6123: $? = 0
configure:6127: test -z 
			 || test ! -s conftest.err
configure:6130: $? = 0
configure:6133: test -s conftest.o
configure:6136: $? = 0
configure:6117: mips-linux-gcc -c -Wall -O4 -fexpensive-optimizations -funroll-loops  conftest.c >&5
configure:6123: $? = 0
configure:6127: test -z 
			 || test ! -s conftest.err
configure:6130: $? = 0
configure:6133: test -s conftest.o
configure:6136: $? = 0
configure:6117: mips-linux-gcc -c -Wall -O4 -fexpensive-optimizations -funroll-loops  conftest.c >&5
configure:6123: $? = 0
configure:6127: test -z 
			 || test ! -s conftest.err
configure:6130: $? = 0
configure:6133: test -s conftest.o
configure:6136: $? = 0
configure:6233: result: 8
configure:6241: checking for an ANSI C-conforming const
configure:6308: mips-linux-gcc -c -Wall -O4 -fexpensive-optimizations -funroll-loops  conftest.c >&5
conftest.c: In function `main':
conftest.c:66: warning: unused variable `s'
conftest.c:86: warning: unused variable `foo'
conftest.c:47: warning: unused variable `x'
conftest.c:53: warning: unused variable `zero'
conftest.c:65: warning: `t' might be used uninitialized in this function
conftest.c:83: warning: `b' might be used uninitialized in this function
configure:6314: $? = 0
configure:6318: test -z 
			 || test ! -s conftest.err
configure:6321: $? = 0
configure:6324: test -s conftest.o
configure:6327: $? = 0
configure:6338: result: yes
configure:6348: checking for inline
configure:6369: mips-linux-gcc -c -Wall -O4 -fexpensive-optimizations -funroll-loops  conftest.c >&5
configure:6375: $? = 0
configure:6379: test -z 
			 || test ! -s conftest.err
configure:6382: $? = 0
configure:6385: test -s conftest.o
configure:6388: $? = 0
configure:6400: result: inline
configure:6419: checking for size_t
configure:6443: mips-linux-gcc -c -Wall -O4 -fexpensive-optimizations -funroll-loops  conftest.c >&5
configure:6449: $? = 0
configure:6453: test -z 
			 || test ! -s conftest.err
configure:6456: $? = 0
configure:6459: test -s conftest.o
configure:6462: $? = 0
configure:6473: result: yes
configure:6492: checking for socket
configure:6549: mips-linux-gcc -o conftest -Wall -O4 -fexpensive-optimizations -funroll-loops   conftest.c  >&5
configure:6555: $? = 0
configure:6559: test -z 
			 || test ! -s conftest.err
configure:6562: $? = 0
configure:6565: test -s conftest
configure:6568: $? = 0
configure:6580: result: yes
configure:6492: checking for inet_aton
configure:6549: mips-linux-gcc -o conftest -Wall -O4 -fexpensive-optimizations -funroll-loops   conftest.c  >&5
configure:6555: $? = 0
configure:6559: test -z 
			 || test ! -s conftest.err
configure:6562: $? = 0
configure:6565: test -s conftest
configure:6568: $? = 0
configure:6580: result: yes
configure:6492: checking for usleep
configure:6549: mips-linux-gcc -o conftest -Wall -O4 -fexpensive-optimizations -funroll-loops   conftest.c  >&5
configure:6555: $? = 0
configure:6559: test -z 
			 || test ! -s conftest.err
configure:6562: $? = 0
configure:6565: test -s conftest
configure:6568: $? = 0
configure:6580: result: yes
configure:6726: checking whether byte ordering is bigendian
configure:6753: mips-linux-gcc -c -Wall -O4 -fexpensive-optimizations -funroll-loops  conftest.c >&5
configure:6759: $? = 0
configure:6763: test -z 
			 || test ! -s conftest.err
configure:6766: $? = 0
configure:6769: test -s conftest.o
configure:6772: $? = 0
configure:6796: mips-linux-gcc -c -Wall -O4 -fexpensive-optimizations -funroll-loops  conftest.c >&5
configure:6802: $? = 0
configure:6806: test -z 
			 || test ! -s conftest.err
configure:6809: $? = 0
configure:6812: test -s conftest.o
configure:6815: $? = 0
configure:6937: result: yes
configure:6963: checking build system type
configure:6981: result: i686-pc-linux-gnu
configure:6989: checking host system type
configure:7003: result: x86-unknown-linux-gnu
configure:7049: checking whether to compile in debugging
configure:7065: result: yes
configure:7068: checking whether to use ISMAcryp code
configure:7084: result: no
configure:7087: checking whether to use syslog for error reporting
configure:7103: result: no
configure:7106: checking whether to use stdout for error reporting
configure:7122: result: yes
configure:7125: checking whether to use /dev/console for error reporting
configure:7146: result: no
configure:7149: checking whether to use GDOI key management
configure:7167: result: no
configure:7269: creating ./config.status

## ---------------------- ##
## Running config.status. ##
## ---------------------- ##

This file was extended by config.status, which was
generated by GNU Autoconf 2.59.  Invocation command line was

  CONFIG_FILES    = 
  CONFIG_HEADERS  = 
  CONFIG_LINKS    = 
  CONFIG_COMMANDS = 
  $ ./config.status 

on voip-release

config.status:664: creating Makefile
config.status:664: creating crypto/Makefile
config.status:664: creating doc/Makefile
config.status:768: creating crypto/include/config.h

## ---------------- ##
## Cache variables. ##
## ---------------- ##

ac_cv_build=i686-pc-linux-gnu
ac_cv_build_alias=i686-pc-linux-gnu
ac_cv_c_bigendian=yes
ac_cv_c_compiler_gnu=yes
ac_cv_c_const=yes
ac_cv_c_inline=inline
ac_cv_env_CC_set=set
ac_cv_env_CC_value=mips-linux-gcc
ac_cv_env_CFLAGS_set=
ac_cv_env_CFLAGS_value=
ac_cv_env_CPPFLAGS_set=
ac_cv_env_CPPFLAGS_value=
ac_cv_env_CPP_set=
ac_cv_env_CPP_value=
ac_cv_env_LDFLAGS_set=
ac_cv_env_LDFLAGS_value=
ac_cv_env_build_alias_set=
ac_cv_env_build_alias_value=
ac_cv_env_host_alias_set=set
ac_cv_env_host_alias_value=x86-linux
ac_cv_env_target_alias_set=
ac_cv_env_target_alias_value=
ac_cv_exeext=
ac_cv_func_inet_aton=yes
ac_cv_func_socket=yes
ac_cv_func_usleep=yes
ac_cv_header_arpa_inet_h=yes
ac_cv_header_byteswap_h=yes
ac_cv_header_inttypes_h=yes
ac_cv_header_machine_types_h=no
ac_cv_header_memory_h=yes
ac_cv_header_netinet_in_h=yes
ac_cv_header_stdc=yes
ac_cv_header_stdint_h=yes
ac_cv_header_stdlib_h=yes
ac_cv_header_string_h=yes
ac_cv_header_strings_h=yes
ac_cv_header_sys_int_types_h=no
ac_cv_header_sys_socket_h=yes
ac_cv_header_sys_stat_h=yes
ac_cv_header_sys_types_h=yes
ac_cv_header_sys_uio_h=yes
ac_cv_header_syslog_h=yes
ac_cv_header_unistd_h=yes
ac_cv_header_windows_h=no
ac_cv_host=x86-unknown-linux-gnu
ac_cv_host_alias=x86-linux
ac_cv_objext=o
ac_cv_path_install='/usr/bin/install -c'
ac_cv_prog_CC=mips-linux-gcc
ac_cv_prog_CPP='mips-linux-gcc -E'
ac_cv_prog_ac_ct_RANLIB=ranlib
ac_cv_prog_cc_g=yes
ac_cv_prog_cc_stdc=
ac_cv_prog_egrep='grep -E'
ac_cv_sizeof_unsigned_long=4
ac_cv_sizeof_unsigned_long_long=8
ac_cv_type_int16_t=yes
ac_cv_type_int32_t=yes
ac_cv_type_int8_t=yes
ac_cv_type_size_t=yes
ac_cv_type_uint16_t=yes
ac_cv_type_uint32_t=yes
ac_cv_type_uint64_t=yes
ac_cv_type_uint8_t=yes
ac_cv_type_unsigned_long=yes
ac_cv_type_unsigned_long_long=yes

## ----------------- ##
## Output variables. ##
## ----------------- ##

CC='mips-linux-gcc'
CFLAGS='-Wall -O4 -fexpensive-optimizations -funroll-loops'
CPP='mips-linux-gcc -E'
CPPFLAGS=''
DEFS='-DHAVE_CONFIG_H'
ECHO_C=''
ECHO_N='-n'
ECHO_T=''
EGREP='grep -E'
EXE=''
EXEEXT=''
GDOI_OBJS=''
INSTALL_DATA='${INSTALL} -m 644'
INSTALL_PROGRAM='${INSTALL}'
INSTALL_SCRIPT='${INSTALL}'
LDFLAGS=''
LIBOBJS=''
LIBS=''
LTLIBOBJS=''
OBJEXT='o'
PACKAGE_BUGREPORT=''
PACKAGE_NAME=''
PACKAGE_STRING=''
PACKAGE_TARNAME=''
PACKAGE_VERSION=''
PATH_SEPARATOR=':'
RANLIB='ranlib'
RNG_OBJS='rand_source.o'
SHELL='/bin/sh'
ac_ct_CC=''
ac_ct_RANLIB='ranlib'
bindir='${exec_prefix}/bin'
build='i686-pc-linux-gnu'
build_alias=''
build_cpu='i686'
build_os='linux-gnu'
build_vendor='pc'
datadir='${prefix}/share'
exec_prefix='${prefix}'
host='x86-unknown-linux-gnu'
host_alias='x86-linux'
host_cpu='x86'
host_os='linux-gnu'
host_vendor='unknown'
includedir='${prefix}/include'
infodir='${prefix}/info'
libdir='${exec_prefix}/lib'
libexecdir='${exec_prefix}/libexec'
localstatedir='${prefix}/var'
mandir='${prefix}/man'
oldincludedir='/usr/include'
prefix='/usr/local'
program_transform_name='s,x,x,'
sbindir='${exec_prefix}/sbin'
sharedstatedir='${prefix}/com'
sysconfdir='${prefix}/etc'
target_alias=''

## ----------- ##
## confdefs.h. ##
## ----------- ##

#define CPU_RISC 1
#define ENABLE_DEBUGGING 1
#define ERR_REPORTING_STDOUT 1
#define HAVE_ARPA_INET_H 1
#define HAVE_BYTESWAP_H 1
#define HAVE_INET_ATON 1
#define HAVE_INT16_T 1
#define HAVE_INT32_T 1
#define HAVE_INT8_T 1
#define HAVE_INTTYPES_H 1
#define HAVE_INTTYPES_H 1
#define HAVE_MEMORY_H 1
#define HAVE_NETINET_IN_H 1
#define HAVE_SOCKET 1
#define HAVE_STDINT_H 1
#define HAVE_STDINT_H 1
#define HAVE_STDLIB_H 1
#define HAVE_STDLIB_H 1
#define HAVE_STRINGS_H 1
#define HAVE_STRING_H 1
#define HAVE_SYSLOG_H 1
#define HAVE_SYS_SOCKET_H 1
#define HAVE_SYS_STAT_H 1
#define HAVE_SYS_TYPES_H 1
#define HAVE_SYS_TYPES_H 1
#define HAVE_SYS_UIO_H 1
#define HAVE_UINT16_T 1
#define HAVE_UINT32_T 1
#define HAVE_UINT64_T 1
#define HAVE_UINT8_T 1
#define HAVE_UNISTD_H 1
#define HAVE_UNISTD_H 1
#define HAVE_USLEEP 1
#define PACKAGE_BUGREPORT ""
#define PACKAGE_NAME ""
#define PACKAGE_STRING ""
#define PACKAGE_TARNAME ""
#define PACKAGE_VERSION ""
#define SIZEOF_UNSIGNED_LONG 4
#define SIZEOF_UNSIGNED_LONG_LONG 8
#define STDC_HEADERS 1
#define WORDS_BIGENDIAN 1

configure: exit 0
